1714354615183	geckodriver	INFO	Listening on 127.0.0.1:52905
1714354619594	mozrunner::runner	INFO	Running command: "C:\\Users\\Yasminee\\.cache\\selenium\\firefox\\win64\\125.0.2\\firefox.exe" "--marionette" "--remote-debug ... "--remote-allow-hosts" "localhost" "-no-remote" "-profile" "C:\\Users\\Yasminee\\AppData\\Local\\Temp\\rust_mozprofileCNKqOd"
console.warn: services.settings: Ignoring preference override of remote settings server
console.warn: services.settings: Allow by setting MOZ_REMOTE_SETTINGS_DEVTOOLS=1 in the environment
Dynamically enable window occlusion 0
1714354636301	Marionette	INFO	Marionette enabled
1714354641104	Marionette	INFO	Listening on port 52915
WebDriver BiDi listening on ws://127.0.0.1:52906
Read port: 52915
Read port: 52915
Read port: 52915
1714354647080	RemoteAgent	WARN	TLS certificate errors will be ignored for this session
1714354675263	addons.xpi	ERROR	System addon update list error SyntaxError: XMLHttpRequest.open: 'http://%(server)s/dummy-system-addons.xml' is not a valid URL.
console.warn: services.settings: main/partitioning-exempt-urls sync already running
console.error: (new TypeError("error loading dynamically imported module: chrome://global/content/elements/moz-button-group.mjs", ""))
JavaScript error: resource://activity-stream/lib/PlacesFeed.sys.mjs, line 198: NS_ERROR_FAILURE: Component returned failure code: 0x80004005 (NS_ERROR_FAILURE) [nsIObserverService.removeObserver]
WARNING: At least one completion condition is taking too long to complete. Conditions: [{"name":"XPIProvider shutdown","state":"(none)","filename":"resource://gre/modules/addons/XPIProvider.sys.mjs","lineNumber":2622,"stack":["resource://gre/modules/addons/XPIProvider.sys.mjs:startup:2622","resource://gre/modules/AddonManager.sys.mjs:callProvider:227","resource://gre/modules/AddonManager.sys.mjs:_startProvider:536","resource://gre/modules/AddonManager.sys.mjs:startup:749","resource://gre/modules/AddonManager.sys.mjs:startup:3690","resource://gre/modules/amManager.sys.mjs:observe:73"]}] Barrier: quit-application-granted
JavaScript error: chrome://global/content/elements/browser-custom-element.js, line 643: TypeError: this.browsingContext is null
JavaScript error: resource:///modules/BrowserGlue.sys.mjs, line 5496: TypeError: win is null
1714354731819	Marionette	INFO	Stopped listening on port 52915
Dynamically enable window occlusion 1
1714354733930	CDP	WARN	Failed to remove undefined (Could not remove `undefined': could not parse path (NS_ERROR_FILE_UNRECOGNIZED_PATH))
console.error: "Failed to fetch https://spocs.getpocket.com/user:" "NetworkError when attempting to fetch resource."
console.warn: TopSitesFeed: Failed to fetch data from Contile server: NetworkError when attempting to fetch resource.
console.error: "Could not load engine bing@search.mozilla.org: Error: XPIProvider can't start bootstrap scope for bing@search.mozilla.org after shutdown was already granted"
console.error: "Could not load engine ddg@search.mozilla.org: Error: XPIProvider can't start bootstrap scope for ddg@search.mozilla.org after shutdown was already granted"
console.error: WebExtensions: 
  Message: [Exception... "#init: abandoning init due to shutting down"  nsresult: "0x80004004 (NS_ERROR_ABORT)"  location: "JS frame :: resource://gre/modules/SearchService.sys.mjs :: #init :: line 1391"  data: no]
  Stack:
    #init@resource://gre/modules/SearchService.sys.mjs:1391:27

console.error: services.settings: 
  Message: NetworkError: Network error: TypeError: NetworkError: Network request failed
  Stack:
    APIError@resource://services-settings/RemoteSettingsClient.sys.mjs:107:1
NetworkError@resource://services-settings/RemoteSettingsClient.sys.mjs:111:5
_adjustedError@resource://services-settings/RemoteSettingsClient.sys.mjs:911:14
maybeSync@resource://services-settings/RemoteSettingsClient.sys.mjs:816:38

JavaScript error: resource://gre/modules/SearchService.sys.mjs, line 1391: NS_ERROR_ABORT: #init: abandoning init due to shutting down
JavaScript error: resource://gre/modules/SearchService.sys.mjs, line 1391: NS_ERROR_ABORT: #init: abandoning init due to shutting down
JavaScript error: resource://gre/modules/SearchService.sys.mjs, line 1391: NS_ERROR_ABORT: #init: abandoning init due to shutting down
JavaScript error: resource://gre/modules/SearchService.sys.mjs, line 1269: Error: SearchService failed while it was initializing.
console.warn: services.settings: main/search-config-overrides-v2 sync interrupted by shutdown
JavaScript error: resource://activity-stream/lib/TopSitesFeed.sys.mjs, line 134: NS_ERROR_XPC_JAVASCRIPT_ERROR_WITH_DETAILS: [JavaScript Error: "SearchService failed while it was initializing." {file: "resource://gre/modules/SearchService.sys.mjs" line: 1269}]'[JavaScript Error: "SearchService failed while it was initializing." {file: "resource://gre/modules/SearchService.sys.mjs" line: 1269}]' when calling method: [nsISearchService::defaultEngine]
console.warn: services.settings: main/translations-models sync interrupted by shutdown
console.warn: services.settings: main/sites-classification sync interrupted by shutdown
console.warn: services.settings: main/anti-tracking-url-decoration sync interrupted by shutdown
console.warn: services.settings: main/hijack-blocklists sync interrupted by shutdown
console.warn: services.settings: main/pioneer-study-addons-v1 sync interrupted by shutdown
console.warn: services.settings: main/top-sites sync interrupted by shutdown
console.warn: services.settings: main/doh-providers sync interrupted by shutdown
console.warn: services.settings: main/doh-config sync interrupted by shutdown
console.warn: services.settings: main/devtools-devices sync interrupted by shutdown
console.warn: services.settings: main/websites-with-shared-credential-backends sync interrupted by shutdown
