1714351800925	geckodriver	INFO	Listening on 127.0.0.1:52177
1714351810282	mozrunner::runner	INFO	Running command: "C:\\Users\\Yasminee\\.cache\\selenium\\firefox\\win64\\125.0.2\\firefox.exe" "--marionette" "--remote-debug ... "--remote-allow-hosts" "localhost" "-no-remote" "-profile" "C:\\Users\\Yasminee\\AppData\\Local\\Temp\\rust_mozprofileEgfoFR"
console.warn: services.settings: Ignoring preference override of remote settings server
console.warn: services.settings: Allow by setting MOZ_REMOTE_SETTINGS_DEVTOOLS=1 in the environment
Dynamically enable window occlusion 0
1714351844668	Marionette	INFO	Marionette enabled
1714351850836	Marionette	INFO	Listening on port 52310
Read port: 52310
WebDriver BiDi listening on ws://127.0.0.1:52178
Read port: 52310
Read port: 52310
1714351858864	RemoteAgent	WARN	TLS certificate errors will be ignored for this session
1714351939286	addons.xpi	ERROR	System addon update list error SyntaxError: XMLHttpRequest.open: 'http://%(server)s/dummy-system-addons.xml' is not a valid URL.
DevTools listening on ws://127.0.0.1:52178/devtools/browser/4efb447d-e728-4f7b-9210-0a2e6d90e1b3
1714352018966	Marionette	INFO	Stopped listening on port 52310
Dynamically enable window occlusion 1
console.warn: services.settings: main/top-sites sync interrupted by shutdown
console.warn: services.settings: main/doh-providers sync interrupted by shutdown
console.warn: services.settings: main/doh-config sync interrupted by shutdown
console.warn: services.settings: main/devtools-devices sync interrupted by shutdown
console.warn: services.settings: main/websites-with-shared-credential-backends sync interrupted by shutdown
console.warn: services.settings: main/language-dictionaries sync interrupted by shutdown
console.warn: services.settings: main/password-recipes sync interrupted by shutdown
console.warn: services.settings: main/password-rules sync interrupted by shutdown
console.warn: services.settings: main/translations-identification-models sync interrupted by shutdown
console.warn: services.settings: main/fingerprinting-protection-overrides sync interrupted by shutdown
console.warn: services.settings: main/addons-manager-settings sync interrupted by shutdown
console.warn: services.settings: main/query-stripping sync interrupted by shutdown
console.warn: services.settings: main/url-classifier-skip-urls sync interrupted by shutdown
console.warn: services.settings: main/search-default-override-allowlist sync interrupted by shutdown
console.warn: services.settings: main/search-config sync interrupted by shutdown
console.warn: services.settings: main/devtools-compatibility-browsers sync interrupted by shutdown
console.warn: services.settings: main/search-config-icons sync interrupted by shutdown
console.warn: services.settings: main/cookie-banner-rules-list sync interrupted by shutdown
console.warn: services.settings: main/search-config-v2 sync interrupted by shutdown
console.warn: services.settings: main/search-telemetry-v2 sync interrupted by shutdown
console.warn: services.settings: main/search-config-overrides sync interrupted by shutdown
console.warn: services.settings: main/partitioning-exempt-urls sync interrupted by shutdown
console.warn: services.settings: main/translations-wasm sync interrupted by shutdown
console.warn: services.settings: main/search-config-overrides-v2 sync interrupted by shutdown
