1714352295508	geckodriver	INFO	Listening on 127.0.0.1:52378
1714352299325	mozrunner::runner	INFO	Running command: "C:\\Users\\Yasminee\\.cache\\selenium\\firefox\\win64\\125.0.2\\firefox.exe" "--marionette" "--remote-debug ... "--remote-allow-hosts" "localhost" "-no-remote" "-profile" "C:\\Users\\Yasminee\\AppData\\Local\\Temp\\rust_mozprofilerv12XW"
console.warn: services.settings: Ignoring preference override of remote settings server
console.warn: services.settings: Allow by setting MOZ_REMOTE_SETTINGS_DEVTOOLS=1 in the environment
Dynamically enable window occlusion 0
1714352312829	Marionette	INFO	Marionette enabled
1714352315128	Marionette	INFO	Listening on port 52393
Read port: 52393
WebDriver BiDi listening on ws://127.0.0.1:52379
1714352317941	RemoteAgent	WARN	TLS certificate errors will be ignored for this session
1714352354881	addons.xpi	ERROR	System addon update list error SyntaxError: XMLHttpRequest.open: 'http://%(server)s/dummy-system-addons.xml' is not a valid URL.
DevTools listening on ws://127.0.0.1:52379/devtools/browser/df8cbe8d-eb86-4666-a90b-de995a6a7cbb
1714352453027	Marionette	INFO	Stopped listening on port 52393
Dynamically enable window occlusion 1
JavaScript error: chrome://remote/content/marionette/cert.sys.mjs, line 47: NS_ERROR_NOT_AVAILABLE: Component returned failure code: 0x80040111 (NS_ERROR_NOT_AVAILABLE) [nsICertOverrideService.setDisableAllSecurityChecksAndLetAttackersInterceptMyData]
!!! error running onStopped callback: TypeError: callback is not a function
1714352454649	WebDriver BiDi	ERROR	Failed to stop protocol: [Exception... "Component returned failure code: 0x80040111 (NS_ERROR_NOT_AVAILABLE) [nsICertOverrideService.setDisableAllSecurityChecksAndLetAttackersInterceptMyData]"  nsresult: "0x80040111 (NS_ERROR_NOT_AVAILABLE)"  location: "JS frame :: chrome://remote/content/marionette/cert.sys.mjs :: allowAllCerts.disable :: line 47"  data: no] Stack trace: allowAllCerts.disable()@cert.sys.mjs:47
destroy()@Session.sys.mjs:239
deleteSession()@WebDriverBiDi.sys.mjs:140
stop()@WebDriverBiDi.sys.mjs:228
